<?xml version="1.0" encoding="UTF-8" ?>
<testsuite errors="1" failures="0" hostname="LAPTOP-862SJ3TN" name="ch.makery.address.util.xml.XmlUtilTest" skipped="0" tests="4" time="0.237" timestamp="2019-06-06T11:44:25">
  <properties>
[...]
</properties>
  <testcase classname="ch.makery.address.util.xml.XmlUtilTest" name="shoudReturnANotNullInstanceOfXmlUtilWhenPersonListWrapperIsPassed" time="0.116" />
  <testcase classname="ch.makery.address.util.xml.XmlUtilTest" name="shoudReturnANotNullInstanceOfXmlUtilWhenDateUtilIsPassed" time="0.006" />
  <testcase classname="ch.makery.address.util.xml.XmlUtilTest" name="shoudThrowExceptionIfNullIsPassed" time="0.014">
    <error message="Unexpected exception, expected&lt;javax.xml.bind.JAXBException&gt; but was&lt;java.lang.NullPointerException&gt;" type="java.lang.Exception">java.lang.Exception: Unexpected exception, expected&lt;javax.xml.bind.JAXBException&gt; but was&lt;java.lang.NullPointerException&gt;
Caused by: java.lang.NullPointerException
	at ch.makery.address.util.xml.XmlUtilTest.shoudThrowExceptionIfNullIsPassed(XmlUtilTest.java:67)
</error>
  </testcase>
  <testcase classname="ch.makery.address.util.xml.XmlUtilTest" name="shouldThrowExceptionWhentNullIsPassed" time="0.004" />
  <system-out><![CDATA[getInstance
getInstance
marshall
getInstance
]]></system-out>
  <system-err><![CDATA[]]></system-err>
</testsuite>
